# ds-sim server 6-Mar, 2020 @ MQ
# Server-side simulator started with './ds-server -c ./configs/ds-config-s3-1.xml -v brief -n'
# Waiting for connection to port 50000 of IP address 127.0.0.1
RCVD HELO
SENT OK
RCVD AUTH root
# Welcome  root!
# The system information can be read from 'system.xml'
SENT OK
RCVD REDY
SENT JOBN 24 0 37232 1 200 1200
RCVD SCHD 0 small 0
t:         24 job     0 (waiting) on # 0 of server small (booting) SCHEDULED
SENT OK
RCVD REDY
SENT JOBN 77 1 2025 1 600 700
RCVD SCHD 1 small 1
t:         77 job     1 (waiting) on # 1 of server small (booting) SCHEDULED
SENT OK
RCVD REDY
SENT JOBN 80 2 3409 1 600 800
RCVD SCHD 2 medium 0
t:         80 job     2 (waiting) on # 0 of server medium (booting) SCHEDULED
SENT OK
RCVD REDY
t:         84 job     0 on # 0 of server small RUNNING
SENT JOBN 84 3 832 2 2100 1300
RCVD SCHD 3 medium 1
t:         84 job     3 (waiting) on # 1 of server medium (booting) SCHEDULED
SENT OK
RCVD REDY
SENT JOBN 124 4 2318 2 1100 2400
RCVD SCHD 4 medium 0
t:        124 job     4 (waiting) on # 0 of server medium (booting) SCHEDULED
SENT OK
RCVD REDY
t:        137 job     1 on # 1 of server small RUNNING
t:        140 job     2 on # 0 of server medium RUNNING
t:        144 job     3 on # 1 of server medium RUNNING
SENT JOBN 166 5 2436 1 100 1600
RCVD SCHD 5 medium 0
t:        166 job     5 (waiting) on # 0 of server medium (active) SCHEDULED
SENT OK
RCVD REDY
SENT JOBN 179 6 17 1 600 1500
RCVD SCHD 6 medium 0
t:        179 job     6 (waiting) on # 0 of server medium (active) SCHEDULED
SENT OK
RCVD REDY
SENT JOBN 181 7 13 2 500 400
RCVD SCHD 7 medium 0
t:        181 job     7 (waiting) on # 0 of server medium (active) SCHEDULED
SENT OK
RCVD REDY
SENT JOBN 205 8 5618 2 500 2800
RCVD SCHD 8 medium 0
t:        205 job     8 (waiting) on # 0 of server medium (active) SCHEDULED
SENT OK
RCVD REDY
SENT JOBN 257 9 732 1 600 200
RCVD SCHD 9 medium 0
t:        257 job     9 (waiting) on # 0 of server medium (active) SCHEDULED
SENT OK
RCVD REDY
SENT NONE
RCVD QUIT
t:       1232 job     1 on # 1 of server small COMPLETED
t:       1377 job     3 on # 1 of server medium COMPLETED
t:       1867 job     2 on # 0 of server medium COMPLETED
t:       1867 job     4 on # 0 of server medium RUNNING
t:       3178 job     4 on # 0 of server medium COMPLETED
t:       3178 job     5 on # 0 of server medium RUNNING
t:       3178 job     6 on # 0 of server medium RUNNING
t:       3189 job     6 on # 0 of server medium COMPLETED
t:       4738 job     5 on # 0 of server medium COMPLETED
t:       4738 job     7 on # 0 of server medium RUNNING
t:       5759 job     7 on # 0 of server medium COMPLETED
t:       5759 job     8 on # 0 of server medium RUNNING
t:      19407 job     0 on # 0 of server small COMPLETED
t:      51186 job     8 on # 0 of server medium COMPLETED
t:      51186 job     9 on # 0 of server medium RUNNING
t:      52883 job     9 on # 0 of server medium COMPLETED
SENT QUIT
# ---------------------------------------------------------------------------
# 2 small servers used with a utilisation of 52.84 at the cost of $2.14
# 2 medium servers used with a utilisation of 51.17 at the cost of $11.72
# =============================== [ Overall ] ===============================
# actual simulation end time: 52883
# total #servers used: 4, avg utilisation: 52.01 and total cost: $13.86
# avg waiting time: 4931, avg exec time: 5314 and avg turnaround time: 10245
