# ds-sim server 6-Mar, 2020 @ MQ
# Server-side simulator started with './ds-server -c ds-config-s3-1.xml -v all -n'
# Waiting for connection to port 50000 of IP address 127.0.0.1
RCVD HELO
SENT OK
RCVD AUTH root
# Welcome  root!
# The system information can be read from 'system.xml'
SENT OK
RCVD REDY
SENT JOBN 24 0 37232 1 200 1200
RCVD RESC Capable 1 200 1200
SENT DATA
RCVD OK
SENT small 0 0 84 1 4000 16000
RCVD OK
SENT small 1 0 84 1 4000 16000
RCVD OK
SENT medium 0 0 84 2 16000 64000
RCVD OK
SENT medium 1 0 84 2 16000 64000
RCVD OK
SENT .
RCVD SCHD 0 small 0
t:         24 job     0 (waiting) on # 0 of server small (booting) SCHEDULED
SENT OK
RCVD REDY
SENT JOBN 77 1 2025 1 600 700
RCVD RESC Capable 1 600 700
SENT DATA
RCVD OK
SENT small 0 1 -1 0 3800 14800
RCVD OK
SENT small 1 0 137 1 4000 16000
RCVD OK
SENT medium 0 0 137 2 16000 64000
RCVD OK
SENT medium 1 0 137 2 16000 64000
RCVD OK
SENT .
RCVD SCHD 1 small 0
t:         77 job     1 (waiting) on # 0 of server small (booting) SCHEDULED
SENT OK
RCVD REDY
SENT JOBN 80 2 3409 1 600 800
RCVD RESC Capable 1 600 800
SENT DATA
RCVD OK
SENT small 0 1 -1 0 3800 14800
RCVD OK
SENT small 1 0 140 1 4000 16000
RCVD OK
SENT medium 0 0 140 2 16000 64000
RCVD OK
SENT medium 1 0 140 2 16000 64000
RCVD OK
SENT .
RCVD SCHD 2 small 0
t:         80 job     2 (waiting) on # 0 of server small (booting) SCHEDULED
SENT OK
RCVD REDY
t:         84 job     0 on # 0 of server small RUNNING
SENT JOBN 84 3 832 2 2100 1300
RCVD RESC Capable 2 2100 1300
SENT DATA
RCVD OK
SENT medium 0 0 144 2 16000 64000
RCVD OK
SENT medium 1 0 144 2 16000 64000
RCVD OK
SENT .
RCVD SCHD 3 medium 0
t:         84 job     3 (waiting) on # 0 of server medium (booting) SCHEDULED
SENT OK
RCVD REDY
SENT JOBN 124 4 2318 2 1100 2400
RCVD RESC Capable 2 1100 2400
SENT DATA
RCVD OK
SENT medium 0 1 -1 0 13900 62700
RCVD OK
SENT medium 1 0 184 2 16000 64000
RCVD OK
SENT .
RCVD SCHD 4 medium 0
t:        124 job     4 (waiting) on # 0 of server medium (booting) SCHEDULED
SENT OK
RCVD REDY
t:        144 job     3 on # 0 of server medium RUNNING
SENT JOBN 166 5 2436 1 100 1600
RCVD RESC Capable 1 100 1600
SENT DATA
RCVD OK
SENT small 0 3 -1 0 3800 14800
RCVD OK
SENT small 1 0 226 1 4000 16000
RCVD OK
SENT medium 0 3 -1 0 13900 62700
RCVD OK
SENT medium 1 0 226 2 16000 64000
RCVD OK
SENT .
RCVD SCHD 5 small 0
t:        166 job     5 (waiting) on # 0 of server small (active) SCHEDULED
SENT OK
RCVD REDY
SENT JOBN 179 6 17 1 600 1500
RCVD RESC Capable 1 600 1500
SENT DATA
RCVD OK
SENT small 0 3 -1 0 3800 14800
RCVD OK
SENT small 1 0 239 1 4000 16000
RCVD OK
SENT medium 0 3 -1 0 13900 62700
RCVD OK
SENT medium 1 0 239 2 16000 64000
RCVD OK
SENT .
RCVD SCHD 6 small 0
t:        179 job     6 (waiting) on # 0 of server small (active) SCHEDULED
SENT OK
RCVD REDY
SENT JOBN 181 7 13 2 500 400
RCVD RESC Capable 2 500 400
SENT DATA
RCVD OK
SENT medium 0 3 -1 0 13900 62700
RCVD OK
SENT medium 1 0 241 2 16000 64000
RCVD OK
SENT .
RCVD SCHD 7 medium 0
t:        181 job     7 (waiting) on # 0 of server medium (active) SCHEDULED
SENT OK
RCVD REDY
SENT JOBN 205 8 5618 2 500 2800
RCVD RESC Capable 2 500 2800
SENT DATA
RCVD OK
SENT medium 0 3 -1 0 13900 62700
RCVD OK
SENT medium 1 0 265 2 16000 64000
RCVD OK
SENT .
RCVD SCHD 8 medium 0
t:        205 job     8 (waiting) on # 0 of server medium (active) SCHEDULED
SENT OK
RCVD REDY
SENT JOBN 257 9 732 1 600 200
RCVD RESC Capable 1 600 200
SENT DATA
RCVD OK
SENT small 0 3 -1 0 3800 14800
RCVD OK
SENT small 1 0 317 1 4000 16000
RCVD OK
SENT medium 0 3 -1 0 13900 62700
RCVD OK
SENT medium 1 0 317 2 16000 64000
RCVD OK
SENT .
RCVD SCHD 9 small 0
t:        257 job     9 (waiting) on # 0 of server small (active) SCHEDULED
SENT OK
RCVD REDY
SENT NONE
RCVD QUIT
t:       1377 job     3 on # 0 of server medium COMPLETED
t:       1377 job     4 on # 0 of server medium RUNNING
t:       2688 job     4 on # 0 of server medium COMPLETED
t:       2688 job     7 on # 0 of server medium RUNNING
t:       3709 job     7 on # 0 of server medium COMPLETED
t:       3709 job     8 on # 0 of server medium RUNNING
t:      19407 job     0 on # 0 of server small COMPLETED
t:      19407 job     1 on # 0 of server small RUNNING
t:      20502 job     1 on # 0 of server small COMPLETED
t:      20502 job     2 on # 0 of server small RUNNING
t:      22229 job     2 on # 0 of server small COMPLETED
t:      22229 job     5 on # 0 of server small RUNNING
t:      23789 job     5 on # 0 of server small COMPLETED
t:      23789 job     6 on # 0 of server small RUNNING
t:      23800 job     6 on # 0 of server small COMPLETED
t:      23800 job     9 on # 0 of server small RUNNING
t:      25497 job     9 on # 0 of server small COMPLETED
t:      49136 job     8 on # 0 of server medium COMPLETED
SENT QUIT
# ---------------------------------------------------------------------------
# 1 small servers used with a utilisation of 100.00 at the cost of $1.41
# 1 medium servers used with a utilisation of 100.00 at the cost of $5.44
# =============================== [ Overall ] ===============================
# actual simulation end time: 49136
# total #servers used: 2, avg utilisation: 100.00 and total cost: $6.86
# avg waiting time: 9696, avg exec time: 6200 and avg turnaround time: 15896
